18:08:37 **** Build of configuration Debug for project labspecial ****
make -j7 all 
arm-none-eabi-gcc "../Drivers/STM32F7xx_HAL_Driver/Src/stm32f7xx_hal.c" -mcpu=cortex-m7 -std=gnu11 -g3 -DDEBUG -DUSE_HAL_DRIVER -DSTM32F767xx -c -I../Core/Inc -I../Drivers/STM32F7xx_HAL_Driver/Inc -I../Drivers/STM32F7xx_HAL_Driver/Inc/Legacy -I../Drivers/CMSIS/Device/ST/STM32F7xx/Include -I../Drivers/CMSIS/Include -O0 -ffunction-sections -fdata-sections -Wall -fstack-usage -fcyclomatic-complexity -MMD -MP -MF"Drivers/STM32F7xx_HAL_Driver/Src/stm32f7xx_hal.d" -MT"Drivers/STM32F7xx_HAL_Driver/Src/stm32f7xx_hal.o" --specs=nano.specs -mfpu=fpv5-d16 -mfloat-abi=hard -mthumb -o "Drivers/STM32F7xx_HAL_Driver/Src/stm32f7xx_hal.o"
arm-none-eabi-gcc "../Drivers/STM32F7xx_HAL_Driver/Src/stm32f7xx_hal_cortex.c" -mcpu=cortex-m7 -std=gnu11 -g3 -DDEBUG -DUSE_HAL_DRIVER -DSTM32F767xx -c -I../Core/Inc -I../Drivers/STM32F7xx_HAL_Driver/Inc -I../Drivers/STM32F7xx_HAL_Driver/Inc/Legacy -I../Drivers/CMSIS/Device/ST/STM32F7xx/Include -I../Drivers/CMSIS/Include -O0 -ffunction-sections -fdata-sections -Wall -fstack-usage -fcyclomatic-complexity -MMD -MP -MF"Drivers/STM32F7xx_HAL_Driver/Src/stm32f7xx_hal_cortex.d" -MT"Drivers/STM32F7xx_HAL_Driver/Src/stm32f7xx_hal_cortex.o" --specs=nano.specs -mfpu=fpv5-d16 -mfloat-abi=hard -mthumb -o "Drivers/STM32F7xx_HAL_Driver/Src/stm32f7xx_hal_cortex.o"
arm-none-eabi-gcc "../Drivers/STM32F7xx_HAL_Driver/Src/stm32f7xx_hal_dma.c" -mcpu=cortex-m7 -std=gnu11 -g3 -DDEBUG -DUSE_HAL_DRIVER -DSTM32F767xx -c -I../Core/Inc -I../Drivers/STM32F7xx_HAL_Driver/Inc -I../Drivers/STM32F7xx_HAL_Driver/Inc/Legacy -I../Drivers/CMSIS/Device/ST/STM32F7xx/Include -I../Drivers/CMSIS/Include -O0 -ffunction-sections -fdata-sections -Wall -fstack-usage -fcyclomatic-complexity -MMD -MP -MF"Drivers/STM32F7xx_HAL_Driver/Src/stm32f7xx_hal_dma.d" -MT"Drivers/STM32F7xx_HAL_Driver/Src/stm32f7xx_hal_dma.o" --specs=nano.specs -mfpu=fpv5-d16 -mfloat-abi=hard -mthumb -o "Drivers/STM32F7xx_HAL_Driver/Src/stm32f7xx_hal_dma.o"
arm-none-eabi-gcc "../Drivers/STM32F7xx_HAL_Driver/Src/stm32f7xx_hal_dma_ex.c" -mcpu=cortex-m7 -std=gnu11 -g3 -DDEBUG -DUSE_HAL_DRIVER -DSTM32F767xx -c -I../Core/Inc -I../Drivers/STM32F7xx_HAL_Driver/Inc -I../Drivers/STM32F7xx_HAL_Driver/Inc/Legacy -I../Drivers/CMSIS/Device/ST/STM32F7xx/Include -I../Drivers/CMSIS/Include -O0 -ffunction-sections -fdata-sections -Wall -fstack-usage -fcyclomatic-complexity -MMD -MP -MF"Drivers/STM32F7xx_HAL_Driver/Src/stm32f7xx_hal_dma_ex.d" -MT"Drivers/STM32F7xx_HAL_Driver/Src/stm32f7xx_hal_dma_ex.o" --specs=nano.specs -mfpu=fpv5-d16 -mfloat-abi=hard -mthumb -o "Drivers/STM32F7xx_HAL_Driver/Src/stm32f7xx_hal_dma_ex.o"
arm-none-eabi-gcc "../Drivers/STM32F7xx_HAL_Driver/Src/stm32f7xx_hal_exti.c" -mcpu=cortex-m7 -std=gnu11 -g3 -DDEBUG -DUSE_HAL_DRIVER -DSTM32F767xx -c -I../Core/Inc -I../Drivers/STM32F7xx_HAL_Driver/Inc -I../Drivers/STM32F7xx_HAL_Driver/Inc/Legacy -I../Drivers/CMSIS/Device/ST/STM32F7xx/Include -I../Drivers/CMSIS/Include -O0 -ffunction-sections -fdata-sections -Wall -fstack-usage -fcyclomatic-complexity -MMD -MP -MF"Drivers/STM32F7xx_HAL_Driver/Src/stm32f7xx_hal_exti.d" -MT"Drivers/STM32F7xx_HAL_Driver/Src/stm32f7xx_hal_exti.o" --specs=nano.specs -mfpu=fpv5-d16 -mfloat-abi=hard -mthumb -o "Drivers/STM32F7xx_HAL_Driver/Src/stm32f7xx_hal_exti.o"
arm-none-eabi-gcc "../Drivers/STM32F7xx_HAL_Driver/Src/stm32f7xx_hal_flash.c" -mcpu=cortex-m7 -std=gnu11 -g3 -DDEBUG -DUSE_HAL_DRIVER -DSTM32F767xx -c -I../Core/Inc -I../Drivers/STM32F7xx_HAL_Driver/Inc -I../Drivers/STM32F7xx_HAL_Driver/Inc/Legacy -I../Drivers/CMSIS/Device/ST/STM32F7xx/Include -I../Drivers/CMSIS/Include -O0 -ffunction-sections -fdata-sections -Wall -fstack-usage -fcyclomatic-complexity -MMD -MP -MF"Drivers/STM32F7xx_HAL_Driver/Src/stm32f7xx_hal_flash.d" -MT"Drivers/STM32F7xx_HAL_Driver/Src/stm32f7xx_hal_flash.o" --specs=nano.specs -mfpu=fpv5-d16 -mfloat-abi=hard -mthumb -o "Drivers/STM32F7xx_HAL_Driver/Src/stm32f7xx_hal_flash.o"
arm-none-eabi-gcc "../Drivers/STM32F7xx_HAL_Driver/Src/stm32f7xx_hal_flash_ex.c" -mcpu=cortex-m7 -std=gnu11 -g3 -DDEBUG -DUSE_HAL_DRIVER -DSTM32F767xx -c -I../Core/Inc -I../Drivers/STM32F7xx_HAL_Driver/Inc -I../Drivers/STM32F7xx_HAL_Driver/Inc/Legacy -I../Drivers/CMSIS/Device/ST/STM32F7xx/Include -I../Drivers/CMSIS/Include -O0 -ffunction-sections -fdata-sections -Wall -fstack-usage -fcyclomatic-complexity -MMD -MP -MF"Drivers/STM32F7xx_HAL_Driver/Src/stm32f7xx_hal_flash_ex.d" -MT"Drivers/STM32F7xx_HAL_Driver/Src/stm32f7xx_hal_flash_ex.o" --specs=nano.specs -mfpu=fpv5-d16 -mfloat-abi=hard -mthumb -o "Drivers/STM32F7xx_HAL_Driver/Src/stm32f7xx_hal_flash_ex.o"
arm-none-eabi-gcc "../Drivers/STM32F7xx_HAL_Driver/Src/stm32f7xx_hal_gpio.c" -mcpu=cortex-m7 -std=gnu11 -g3 -DDEBUG -DUSE_HAL_DRIVER -DSTM32F767xx -c -I../Core/Inc -I../Drivers/STM32F7xx_HAL_Driver/Inc -I../Drivers/STM32F7xx_HAL_Driver/Inc/Legacy -I../Drivers/CMSIS/Device/ST/STM32F7xx/Include -I../Drivers/CMSIS/Include -O0 -ffunction-sections -fdata-sections -Wall -fstack-usage -fcyclomatic-complexity -MMD -MP -MF"Drivers/STM32F7xx_HAL_Driver/Src/stm32f7xx_hal_gpio.d" -MT"Drivers/STM32F7xx_HAL_Driver/Src/stm32f7xx_hal_gpio.o" --specs=nano.specs -mfpu=fpv5-d16 -mfloat-abi=hard -mthumb -o "Drivers/STM32F7xx_HAL_Driver/Src/stm32f7xx_hal_gpio.o"
arm-none-eabi-gcc "../Drivers/STM32F7xx_HAL_Driver/Src/stm32f7xx_hal_i2c.c" -mcpu=cortex-m7 -std=gnu11 -g3 -DDEBUG -DUSE_HAL_DRIVER -DSTM32F767xx -c -I../Core/Inc -I../Drivers/STM32F7xx_HAL_Driver/Inc -I../Drivers/STM32F7xx_HAL_Driver/Inc/Legacy -I../Drivers/CMSIS/Device/ST/STM32F7xx/Include -I../Drivers/CMSIS/Include -O0 -ffunction-sections -fdata-sections -Wall -fstack-usage -fcyclomatic-complexity -MMD -MP -MF"Drivers/STM32F7xx_HAL_Driver/Src/stm32f7xx_hal_i2c.d" -MT"Drivers/STM32F7xx_HAL_Driver/Src/stm32f7xx_hal_i2c.o" --specs=nano.specs -mfpu=fpv5-d16 -mfloat-abi=hard -mthumb -o "Drivers/STM32F7xx_HAL_Driver/Src/stm32f7xx_hal_i2c.o"
arm-none-eabi-gcc "../Drivers/STM32F7xx_HAL_Driver/Src/stm32f7xx_hal_i2c_ex.c" -mcpu=cortex-m7 -std=gnu11 -g3 -DDEBUG -DUSE_HAL_DRIVER -DSTM32F767xx -c -I../Core/Inc -I../Drivers/STM32F7xx_HAL_Driver/Inc -I../Drivers/STM32F7xx_HAL_Driver/Inc/Legacy -I../Drivers/CMSIS/Device/ST/STM32F7xx/Include -I../Drivers/CMSIS/Include -O0 -ffunction-sections -fdata-sections -Wall -fstack-usage -fcyclomatic-complexity -MMD -MP -MF"Drivers/STM32F7xx_HAL_Driver/Src/stm32f7xx_hal_i2c_ex.d" -MT"Drivers/STM32F7xx_HAL_Driver/Src/stm32f7xx_hal_i2c_ex.o" --specs=nano.specs -mfpu=fpv5-d16 -mfloat-abi=hard -mthumb -o "Drivers/STM32F7xx_HAL_Driver/Src/stm32f7xx_hal_i2c_ex.o"
arm-none-eabi-gcc "../Drivers/STM32F7xx_HAL_Driver/Src/stm32f7xx_hal_pwr.c" -mcpu=cortex-m7 -std=gnu11 -g3 -DDEBUG -DUSE_HAL_DRIVER -DSTM32F767xx -c -I../Core/Inc -I../Drivers/STM32F7xx_HAL_Driver/Inc -I../Drivers/STM32F7xx_HAL_Driver/Inc/Legacy -I../Drivers/CMSIS/Device/ST/STM32F7xx/Include -I../Drivers/CMSIS/Include -O0 -ffunction-sections -fdata-sections -Wall -fstack-usage -fcyclomatic-complexity -MMD -MP -MF"Drivers/STM32F7xx_HAL_Driver/Src/stm32f7xx_hal_pwr.d" -MT"Drivers/STM32F7xx_HAL_Driver/Src/stm32f7xx_hal_pwr.o" --specs=nano.specs -mfpu=fpv5-d16 -mfloat-abi=hard -mthumb -o "Drivers/STM32F7xx_HAL_Driver/Src/stm32f7xx_hal_pwr.o"
arm-none-eabi-gcc "../Drivers/STM32F7xx_HAL_Driver/Src/stm32f7xx_hal_pwr_ex.c" -mcpu=cortex-m7 -std=gnu11 -g3 -DDEBUG -DUSE_HAL_DRIVER -DSTM32F767xx -c -I../Core/Inc -I../Drivers/STM32F7xx_HAL_Driver/Inc -I../Drivers/STM32F7xx_HAL_Driver/Inc/Legacy -I../Drivers/CMSIS/Device/ST/STM32F7xx/Include -I../Drivers/CMSIS/Include -O0 -ffunction-sections -fdata-sections -Wall -fstack-usage -fcyclomatic-complexity -MMD -MP -MF"Drivers/STM32F7xx_HAL_Driver/Src/stm32f7xx_hal_pwr_ex.d" -MT"Drivers/STM32F7xx_HAL_Driver/Src/stm32f7xx_hal_pwr_ex.o" --specs=nano.specs -mfpu=fpv5-d16 -mfloat-abi=hard -mthumb -o "Drivers/STM32F7xx_HAL_Driver/Src/stm32f7xx_hal_pwr_ex.o"
arm-none-eabi-gcc "../Drivers/STM32F7xx_HAL_Driver/Src/stm32f7xx_hal_rcc.c" -mcpu=cortex-m7 -std=gnu11 -g3 -DDEBUG -DUSE_HAL_DRIVER -DSTM32F767xx -c -I../Core/Inc -I../Drivers/STM32F7xx_HAL_Driver/Inc -I../Drivers/STM32F7xx_HAL_Driver/Inc/Legacy -I../Drivers/CMSIS/Device/ST/STM32F7xx/Include -I../Drivers/CMSIS/Include -O0 -ffunction-sections -fdata-sections -Wall -fstack-usage -fcyclomatic-complexity -MMD -MP -MF"Drivers/STM32F7xx_HAL_Driver/Src/stm32f7xx_hal_rcc.d" -MT"Drivers/STM32F7xx_HAL_Driver/Src/stm32f7xx_hal_rcc.o" --specs=nano.specs -mfpu=fpv5-d16 -mfloat-abi=hard -mthumb -o "Drivers/STM32F7xx_HAL_Driver/Src/stm32f7xx_hal_rcc.o"
arm-none-eabi-gcc "../Drivers/STM32F7xx_HAL_Driver/Src/stm32f7xx_hal_rcc_ex.c" -mcpu=cortex-m7 -std=gnu11 -g3 -DDEBUG -DUSE_HAL_DRIVER -DSTM32F767xx -c -I../Core/Inc -I../Drivers/STM32F7xx_HAL_Driver/Inc -I../Drivers/STM32F7xx_HAL_Driver/Inc/Legacy -I../Drivers/CMSIS/Device/ST/STM32F7xx/Include -I../Drivers/CMSIS/Include -O0 -ffunction-sections -fdata-sections -Wall -fstack-usage -fcyclomatic-complexity -MMD -MP -MF"Drivers/STM32F7xx_HAL_Driver/Src/stm32f7xx_hal_rcc_ex.d" -MT"Drivers/STM32F7xx_HAL_Driver/Src/stm32f7xx_hal_rcc_ex.o" --specs=nano.specs -mfpu=fpv5-d16 -mfloat-abi=hard -mthumb -o "Drivers/STM32F7xx_HAL_Driver/Src/stm32f7xx_hal_rcc_ex.o"
arm-none-eabi-gcc "../Drivers/STM32F7xx_HAL_Driver/Src/stm32f7xx_hal_tim.c" -mcpu=cortex-m7 -std=gnu11 -g3 -DDEBUG -DUSE_HAL_DRIVER -DSTM32F767xx -c -I../Core/Inc -I../Drivers/STM32F7xx_HAL_Driver/Inc -I../Drivers/STM32F7xx_HAL_Driver/Inc/Legacy -I../Drivers/CMSIS/Device/ST/STM32F7xx/Include -I../Drivers/CMSIS/Include -O0 -ffunction-sections -fdata-sections -Wall -fstack-usage -fcyclomatic-complexity -MMD -MP -MF"Drivers/STM32F7xx_HAL_Driver/Src/stm32f7xx_hal_tim.d" -MT"Drivers/STM32F7xx_HAL_Driver/Src/stm32f7xx_hal_tim.o" --specs=nano.specs -mfpu=fpv5-d16 -mfloat-abi=hard -mthumb -o "Drivers/STM32F7xx_HAL_Driver/Src/stm32f7xx_hal_tim.o"
arm-none-eabi-gcc "../Drivers/STM32F7xx_HAL_Driver/Src/stm32f7xx_hal_tim_ex.c" -mcpu=cortex-m7 -std=gnu11 -g3 -DDEBUG -DUSE_HAL_DRIVER -DSTM32F767xx -c -I../Core/Inc -I../Drivers/STM32F7xx_HAL_Driver/Inc -I../Drivers/STM32F7xx_HAL_Driver/Inc/Legacy -I../Drivers/CMSIS/Device/ST/STM32F7xx/Include -I../Drivers/CMSIS/Include -O0 -ffunction-sections -fdata-sections -Wall -fstack-usage -fcyclomatic-complexity -MMD -MP -MF"Drivers/STM32F7xx_HAL_Driver/Src/stm32f7xx_hal_tim_ex.d" -MT"Drivers/STM32F7xx_HAL_Driver/Src/stm32f7xx_hal_tim_ex.o" --specs=nano.specs -mfpu=fpv5-d16 -mfloat-abi=hard -mthumb -o "Drivers/STM32F7xx_HAL_Driver/Src/stm32f7xx_hal_tim_ex.o"
arm-none-eabi-gcc "../Drivers/STM32F7xx_HAL_Driver/Src/stm32f7xx_hal_uart.c" -mcpu=cortex-m7 -std=gnu11 -g3 -DDEBUG -DUSE_HAL_DRIVER -DSTM32F767xx -c -I../Core/Inc -I../Drivers/STM32F7xx_HAL_Driver/Inc -I../Drivers/STM32F7xx_HAL_Driver/Inc/Legacy -I../Drivers/CMSIS/Device/ST/STM32F7xx/Include -I../Drivers/CMSIS/Include -O0 -ffunction-sections -fdata-sections -Wall -fstack-usage -fcyclomatic-complexity -MMD -MP -MF"Drivers/STM32F7xx_HAL_Driver/Src/stm32f7xx_hal_uart.d" -MT"Drivers/STM32F7xx_HAL_Driver/Src/stm32f7xx_hal_uart.o" --specs=nano.specs -mfpu=fpv5-d16 -mfloat-abi=hard -mthumb -o "Drivers/STM32F7xx_HAL_Driver/Src/stm32f7xx_hal_uart.o"
arm-none-eabi-gcc "../Drivers/STM32F7xx_HAL_Driver/Src/stm32f7xx_hal_uart_ex.c" -mcpu=cortex-m7 -std=gnu11 -g3 -DDEBUG -DUSE_HAL_DRIVER -DSTM32F767xx -c -I../Core/Inc -I../Drivers/STM32F7xx_HAL_Driver/Inc -I../Drivers/STM32F7xx_HAL_Driver/Inc/Legacy -I../Drivers/CMSIS/Device/ST/STM32F7xx/Include -I../Drivers/CMSIS/Include -O0 -ffunction-sections -fdata-sections -Wall -fstack-usage -fcyclomatic-complexity -MMD -MP -MF"Drivers/STM32F7xx_HAL_Driver/Src/stm32f7xx_hal_uart_ex.d" -MT"Drivers/STM32F7xx_HAL_Driver/Src/stm32f7xx_hal_uart_ex.o" --specs=nano.specs -mfpu=fpv5-d16 -mfloat-abi=hard -mthumb -o "Drivers/STM32F7xx_HAL_Driver/Src/stm32f7xx_hal_uart_ex.o"
arm-none-eabi-gcc -mcpu=cortex-m7 -g3 -DDEBUG -c -x assembler-with-cpp -MMD -MP -MF"Core/Startup/startup_stm32f767zitx.d" -MT"Core/Startup/startup_stm32f767zitx.o" --specs=nano.specs -mfpu=fpv5-d16 -mfloat-abi=hard -mthumb -o "Core/Startup/startup_stm32f767zitx.o" "../Core/Startup/startup_stm32f767zitx.s"
arm-none-eabi-gcc "../Core/Src/gpio.c" -mcpu=cortex-m7 -std=gnu11 -g3 -DDEBUG -DUSE_HAL_DRIVER -DSTM32F767xx -c -I../Core/Inc -I../Drivers/STM32F7xx_HAL_Driver/Inc -I../Drivers/STM32F7xx_HAL_Driver/Inc/Legacy -I../Drivers/CMSIS/Device/ST/STM32F7xx/Include -I../Drivers/CMSIS/Include -O0 -ffunction-sections -fdata-sections -Wall -fstack-usage -fcyclomatic-complexity -MMD -MP -MF"Core/Src/gpio.d" -MT"Core/Src/gpio.o" --specs=nano.specs -mfpu=fpv5-d16 -mfloat-abi=hard -mthumb -o "Core/Src/gpio.o"
arm-none-eabi-gcc "../Core/Src/main.c" -mcpu=cortex-m7 -std=gnu11 -g3 -DDEBUG -DUSE_HAL_DRIVER -DSTM32F767xx -c -I../Core/Inc -I../Drivers/STM32F7xx_HAL_Driver/Inc -I../Drivers/STM32F7xx_HAL_Driver/Inc/Legacy -I../Drivers/CMSIS/Device/ST/STM32F7xx/Include -I../Drivers/CMSIS/Include -O0 -ffunction-sections -fdata-sections -Wall -fstack-usage -fcyclomatic-complexity -MMD -MP -MF"Core/Src/main.d" -MT"Core/Src/main.o" --specs=nano.specs -mfpu=fpv5-d16 -mfloat-abi=hard -mthumb -o "Core/Src/main.o"
../Core/Src/main.c: In function 'main':
../Core/Src/main.c:98:3: warning: implicit declaration of function 'MX_USART6_UART_Init'; did you mean 'MX_USART3_UART_Init'? [-Wimplicit-function-declaration]
   98 |   MX_USART6_UART_Init();
      |   ^~~~~~~~~~~~~~~~~~~
      |   MX_USART3_UART_Init
../Core/Src/main.c:101:31: warning: passing argument 2 of 'HAL_UART_Transmit' from incompatible pointer type [-Wincompatible-pointer-types]
  101 |    HAL_UART_Transmit(&huart3, (uint32_t*)"\r\nMan From U.A.R.T.1!\n\rQuit PRESS q", 35, 1000);
      |                               ^~~~~~~~~~~~~~~~~~~~~~~~~~~~~~~~~~~~~~~~~~~~~~~~~~~~
      |                               |
      |                               uint32_t * {aka long unsigned int *}
In file included from ../Core/Inc/stm32f7xx_hal_conf.h:415,
                 from ../Drivers/STM32F7xx_HAL_Driver/Inc/stm32f7xx_hal.h:29,
                 from ../Core/Inc/main.h:30,
                 from ../Core/Src/main.c:20:
../Drivers/STM32F7xx_HAL_Driver/Inc/stm32f7xx_hal_uart.h:1553:79: note: expected 'const uint8_t *' {aka 'const unsigned char *'} but argument is of type 'uint32_t *' {aka 'long unsigned int *'}
 1553 | HAL_StatusTypeDef HAL_UART_Transmit(UART_HandleTypeDef *huart, const uint8_t *pData, uint16_t Size, uint32_t Timeout);
      |                                                                ~~~~~~~~~~~~~~~^~~~~
../Core/Src/main.c:113:60: warning: passing argument 2 of 'HAL_UART_Transmit' from incompatible pointer type [-Wincompatible-pointer-types]
arm-none-eabi-gcc "../Core/Src/stm32f7xx_hal_msp.c" -mcpu=cortex-m7 -std=gnu11 -g3 -DDEBUG -DUSE_HAL_DRIVER -DSTM32F767xx -c -I../Core/Inc -I../Drivers/STM32F7xx_HAL_Driver/Inc -I../Drivers/STM32F7xx_HAL_Driver/Inc/Legacy -I../Drivers/CMSIS/Device/ST/STM32F7xx/Include -I../Drivers/CMSIS/Include -O0 -ffunction-sections -fdata-sections -Wall -fstack-usage -fcyclomatic-complexity -MMD -MP -MF"Core/Src/stm32f7xx_hal_msp.d" -MT"Core/Src/stm32f7xx_hal_msp.o" --specs=nano.specs -mfpu=fpv5-d16 -mfloat-abi=hard -mthumb -o "Core/Src/stm32f7xx_hal_msp.o"
  113 |                                 HAL_UART_Transmit(&huart3, (uint32_t*)"\r\n\tName : ", 10, 1000);
      |                                                            ^~~~~~~~~~~~~~~~~~~~~~~~~~
      |                                                            |
      |                                                            uint32_t * {aka long unsigned int *}
In file included from ../Core/Inc/stm32f7xx_hal_conf.h:415,
                 from ../Drivers/STM32F7xx_HAL_Driver/Inc/stm32f7xx_hal.h:29,
                 from ../Core/Inc/main.h:30,
                 from ../Core/Src/main.c:20:
../Drivers/STM32F7xx_HAL_Driver/Inc/stm32f7xx_hal_uart.h:1553:79: note: expected 'const uint8_t *' {aka 'const unsigned char *'} but argument is of type 'uint32_t *' {aka 'long unsigned int *'}
 1553 | HAL_StatusTypeDef HAL_UART_Transmit(UART_HandleTypeDef *huart, const uint8_t *pData, uint16_t Size, uint32_t Timeout);
      |                                                                ~~~~~~~~~~~~~~~^~~~~
../Core/Src/main.c:117:60: warning: passing argument 2 of 'HAL_UART_Receive' from incompatible pointer type [-Wincompatible-pointer-types]
  117 |                                  HAL_UART_Receive(&huart3, (uint32_t*)&username, 100,1000);
      |                                                            ^~~~~~~~~~~~~~~~~~~~
      |                                                            |
      |                                                            uint32_t * {aka long unsigned int *}
In file included from ../Core/Inc/stm32f7xx_hal_conf.h:415,
                 from ../Drivers/STM32F7xx_HAL_Driver/Inc/stm32f7xx_hal.h:29,
                 from ../Core/Inc/main.h:30,
                 from ../Core/Src/main.c:20:
../Drivers/STM32F7xx_HAL_Driver/Inc/stm32f7xx_hal_uart.h:1554:72: note: expected 'uint8_t *' {aka 'unsigned char *'} but argument is of type 'uint32_t *' {aka 'long unsigned int *'}
 1554 | HAL_StatusTypeDef HAL_UART_Receive(UART_HandleTypeDef *huart, uint8_t *pData, uint16_t Size, uint32_t Timeout);
      |                                                               ~~~~~~~~~^~~~~
../Core/Src/main.c:122:60: warning: passing argument 2 of 'HAL_UART_Transmit' from incompatible pointer type [-Wincompatible-pointer-types]
  122 |                                 HAL_UART_Transmit(&huart3, (uint32_t*)&username, 100, 1000);
      |                                                            ^~~~~~~~~~~~~~~~~~~~
      |                                                            |
      |                                                            uint32_t * {aka long unsigned int *}
In file included from ../Core/Inc/stm32f7xx_hal_conf.h:415,
                 from ../Drivers/STM32F7xx_HAL_Driver/Inc/stm32f7xx_hal.h:29,
                 from ../Core/Inc/main.h:30,
                 from ../Core/Src/main.c:20:
../Drivers/STM32F7xx_HAL_Driver/Inc/stm32f7xx_hal_uart.h:1553:79: note: expected 'const uint8_t *' {aka 'const unsigned char *'} but argument is of type 'uint32_t *' {aka 'long unsigned int *'}
 1553 | HAL_StatusTypeDef HAL_UART_Transmit(UART_HandleTypeDef *huart, const uint8_t *pData, uint16_t Size, uint32_t Timeout);
      |                                                                ~~~~~~~~~~~~~~~^~~~~
../Core/Src/main.c:124:60: warning: passing argument 2 of 'HAL_UART_Transmit' from incompatible pointer type [-Wincompatible-pointer-types]
  124 |                                 HAL_UART_Transmit(&huart2, (uint32_t*)&username, strlen(username), 1000);}
      |                                                            ^~~~~~~~~~~~~~~~~~~~
      |                                                            |
      |                                                            uint32_t * {aka long unsigned int *}
In file included from ../Core/Inc/stm32f7xx_hal_conf.h:415,
                 from ../Drivers/STM32F7xx_HAL_Driver/Inc/stm32f7xx_hal.h:29,
                 from ../Core/Inc/main.h:30,
                 from ../Core/Src/main.c:20:
../Drivers/STM32F7xx_HAL_Driver/Inc/stm32f7xx_hal_uart.h:1553:79: note: expected 'const uint8_t *' {aka 'const unsigned char *'} but argument is of type 'uint32_t *' {aka 'long unsigned int *'}
 1553 | HAL_StatusTypeDef HAL_UART_Transmit(UART_HandleTypeDef *huart, const uint8_t *pData, uint16_t Size, uint32_t Timeout);
      |                                                                ~~~~~~~~~~~~~~~^~~~~
../Core/Src/main.c:135:77: warning: passing argument 2 of 'HAL_UART_Receive' makes pointer from integer without a cast [-Wint-conversion]
  135 |                                                   HAL_UART_Receive(&huart2, (uint32_t)&name, 100,1000);
      |                                                                             ^~~~~~~~~~~~~~~
      |                                                                             |
      |                                                                             long unsigned int
In file included from ../Core/Inc/stm32f7xx_hal_conf.h:415,
                 from ../Drivers/STM32F7xx_HAL_Driver/Inc/stm32f7xx_hal.h:29,
                 from ../Core/Inc/main.h:30,
                 from ../Core/Src/main.c:20:
../Drivers/STM32F7xx_HAL_Driver/Inc/stm32f7xx_hal_uart.h:1554:72: note: expected 'uint8_t *' {aka 'unsigned char *'} but argument is of type 'long unsigned int'
 1554 | HAL_StatusTypeDef HAL_UART_Receive(UART_HandleTypeDef *huart, uint8_t *pData, uint16_t Size, uint32_t Timeout);
      |                                                               ~~~~~~~~~^~~~~
../Core/Src/main.c:139:70: warning: passing argument 2 of 'HAL_UART_Transmit' from incompatible pointer type [-Wincompatible-pointer-types]
  139 |                                           HAL_UART_Transmit(&huart3, (uint32_t*)"\r\n\t", 4, 200);
      |                                                                      ^~~~~~~~~~~~~~~~~~~
      |                                                                      |
      |                                                                      uint32_t * {aka long unsigned int *}
In file included from ../Core/Inc/stm32f7xx_hal_conf.h:415,
                 from ../Drivers/STM32F7xx_HAL_Driver/Inc/stm32f7xx_hal.h:29,
                 from ../Core/Inc/main.h:30,
                 from ../Core/Src/main.c:20:
../Drivers/STM32F7xx_HAL_Driver/Inc/stm32f7xx_hal_uart.h:1553:79: note: expected 'const uint8_t *' {aka 'const unsigned char *'} but argument is of type 'uint32_t *' {aka 'long unsigned int *'}
 1553 | HAL_StatusTypeDef HAL_UART_Transmit(UART_HandleTypeDef *huart, const uint8_t *pData, uint16_t Size, uint32_t Timeout);
      |                                                                ~~~~~~~~~~~~~~~^~~~~
../Core/Src/main.c:140:70: warning: passing argument 2 of 'HAL_UART_Transmit' makes pointer from integer without a cast [-Wint-conversion]
  140 |                                           HAL_UART_Transmit(&huart3, (uint32_t)&name, 100, 1000);
      |                                                                      ^~~~~~~~~~~~~~~
      |                                                                      |
      |                                                                      long unsigned int
In file included from ../Core/Inc/stm32f7xx_hal_conf.h:415,
                 from ../Drivers/STM32F7xx_HAL_Driver/Inc/stm32f7xx_hal.h:29,
                 from ../Core/Inc/main.h:30,
                 from ../Core/Src/main.c:20:
../Drivers/STM32F7xx_HAL_Driver/Inc/stm32f7xx_hal_uart.h:1553:79: note: expected 'const uint8_t *' {aka 'const unsigned char *'} but argument is of type 'long unsigned int'
 1553 | HAL_StatusTypeDef HAL_UART_Transmit(UART_HandleTypeDef *huart, const uint8_t *pData, uint16_t Size, uint32_t Timeout);
      |                                                                ~~~~~~~~~~~~~~~^~~~~
../Core/Src/main.c:143:70: warning: passing argument 2 of 'HAL_UART_Transmit' from incompatible pointer type [-Wincompatible-pointer-types]
  143 |                                           HAL_UART_Transmit(&huart3, (uint32_t*)" is Ready!", 10, 1000);
      |                                                                      ^~~~~~~~~~~~~~~~~~~~~~~
      |                                                                      |
      |                                                                      uint32_t * {aka long unsigned int *}
In file included from ../Core/Inc/stm32f7xx_hal_conf.h:415,
                 from ../Drivers/STM32F7xx_HAL_Driver/Inc/stm32f7xx_hal.h:29,
                 from ../Core/Inc/main.h:30,
                 from ../Core/Src/main.c:20:
../Drivers/STM32F7xx_HAL_Driver/Inc/stm32f7xx_hal_uart.h:1553:79: note: expected 'const uint8_t *' {aka 'const unsigned char *'} but argument is of type 'uint32_t *' {aka 'long unsigned int *'}
 1553 | HAL_StatusTypeDef HAL_UART_Transmit(UART_HandleTypeDef *huart, const uint8_t *pData, uint16_t Size, uint32_t Timeout);
      |                                                                ~~~~~~~~~~~~~~~^~~~~
../Core/Src/main.c:154:76: warning: passing argument 2 of 'HAL_UART_Transmit' from incompatible pointer type [-Wincompatible-pointer-types]
  154 |                                                 HAL_UART_Transmit(&huart3, (uint32_t*)"\r\n\t", 4, 200);
      |                                                                            ^~~~~~~~~~~~~~~~~~~
      |                                                                            |
      |                                                                            uint32_t * {aka long unsigned int *}
In file included from ../Core/Inc/stm32f7xx_hal_conf.h:415,
                 from ../Drivers/STM32F7xx_HAL_Driver/Inc/stm32f7xx_hal.h:29,
                 from ../Core/Inc/main.h:30,
                 from ../Core/Src/main.c:20:
../Drivers/STM32F7xx_HAL_Driver/Inc/stm32f7xx_hal_uart.h:1553:79: note: expected 'const uint8_t *' {aka 'const unsigned char *'} but argument is of type 'uint32_t *' {aka 'long unsigned int *'}
 1553 | HAL_StatusTypeDef HAL_UART_Transmit(UART_HandleTypeDef *huart, const uint8_t *pData, uint16_t Size, uint32_t Timeout);
      |                                                                ~~~~~~~~~~~~~~~^~~~~
../Core/Src/main.c:155:76: warning: passing argument 2 of 'HAL_UART_Transmit' from incompatible pointer type [-Wincompatible-pointer-types]
arm-none-eabi-gcc "../Core/Src/stm32f7xx_it.c" -mcpu=cortex-m7 -std=gnu11 -g3 -DDEBUG -DUSE_HAL_DRIVER -DSTM32F767xx -c -I../Core/Inc -I../Drivers/STM32F7xx_HAL_Driver/Inc -I../Drivers/STM32F7xx_HAL_Driver/Inc/Legacy -I../Drivers/CMSIS/Device/ST/STM32F7xx/Include -I../Drivers/CMSIS/Include -O0 -ffunction-sections -fdata-sections -Wall -fstack-usage -fcyclomatic-complexity -MMD -MP -MF"Core/Src/stm32f7xx_it.d" -MT"Core/Src/stm32f7xx_it.o" --specs=nano.specs -mfpu=fpv5-d16 -mfloat-abi=hard -mthumb -o "Core/Src/stm32f7xx_it.o"
  155 |                                                 HAL_UART_Transmit(&huart3, (uint32_t*)&username, strlen(username), 1000);
      |                                                                            ^~~~~~~~~~~~~~~~~~~~
      |                                                                            |
      |                                                                            uint32_t * {aka long unsigned int *}
In file included from ../Core/Inc/stm32f7xx_hal_conf.h:415,
                 from ../Drivers/STM32F7xx_HAL_Driver/Inc/stm32f7xx_hal.h:29,
                 from ../Core/Inc/main.h:30,
                 from ../Core/Src/main.c:20:
../Drivers/STM32F7xx_HAL_Driver/Inc/stm32f7xx_hal_uart.h:1553:79: note: expected 'const uint8_t *' {aka 'const unsigned char *'} but argument is of type 'uint32_t *' {aka 'long unsigned int *'}
 1553 | HAL_StatusTypeDef HAL_UART_Transmit(UART_HandleTypeDef *huart, const uint8_t *pData, uint16_t Size, uint32_t Timeout);
      |                                                                ~~~~~~~~~~~~~~~^~~~~
../Core/Src/main.c:158:76: warning: passing argument 2 of 'HAL_UART_Transmit' from incompatible pointer type [-Wincompatible-pointer-types]
  158 |                                                 HAL_UART_Transmit(&huart3, (uint32_t*)"=>", 2, 1000);
      |                                                                            ^~~~~~~~~~~~~~~
      |                                                                            |
      |                                                                            uint32_t * {aka long unsigned int *}
In file included from ../Core/Inc/stm32f7xx_hal_conf.h:415,
                 from ../Drivers/STM32F7xx_HAL_Driver/Inc/stm32f7xx_hal.h:29,
                 from ../Core/Inc/main.h:30,
                 from ../Core/Src/main.c:20:
../Drivers/STM32F7xx_HAL_Driver/Inc/stm32f7xx_hal_uart.h:1553:79: note: expected 'const uint8_t *' {aka 'const unsigned char *'} but argument is of type 'uint32_t *' {aka 'long unsigned int *'}
 1553 | HAL_StatusTypeDef HAL_UART_Transmit(UART_HandleTypeDef *huart, const uint8_t *pData, uint16_t Size, uint32_t Timeout);
      |                                                                ~~~~~~~~~~~~~~~^~~~~
../Core/Src/main.c:163:83: warning: passing argument 2 of 'HAL_UART_Receive' from incompatible pointer type [-Wincompatible-pointer-types]
  163 |                                                         HAL_UART_Receive(&huart3, (uint32_t*)&transmit, 100,1000);
      |                                                                                   ^~~~~~~~~~~~~~~~~~~~
      |                                                                                   |
      |                                                                                   uint32_t * {aka long unsigned int *}
In file included from ../Core/Inc/stm32f7xx_hal_conf.h:415,
                 from ../Drivers/STM32F7xx_HAL_Driver/Inc/stm32f7xx_hal.h:29,
                 from ../Core/Inc/main.h:30,
                 from ../Core/Src/main.c:20:
../Drivers/STM32F7xx_HAL_Driver/Inc/stm32f7xx_hal_uart.h:1554:72: note: expected 'uint8_t *' {aka 'unsigned char *'} but argument is of type 'uint32_t *' {aka 'long unsigned int *'}
 1554 | HAL_StatusTypeDef HAL_UART_Receive(UART_HandleTypeDef *huart, uint8_t *pData, uint16_t Size, uint32_t Timeout);
      |                                                               ~~~~~~~~~^~~~~
../Core/Src/main.c:167:69: warning: passing argument 2 of 'HAL_UART_Transmit' from incompatible pointer type [-Wincompatible-pointer-types]
  167 |                                          HAL_UART_Transmit(&huart3, (uint32_t*)&transmit, 100, 1000);
      |                                                                     ^~~~~~~~~~~~~~~~~~~~
      |                                                                     |
      |                                                                     uint32_t * {aka long unsigned int *}
In file included from ../Core/Inc/stm32f7xx_hal_conf.h:415,
                 from ../Drivers/STM32F7xx_HAL_Driver/Inc/stm32f7xx_hal.h:29,
                 from ../Core/Inc/main.h:30,
                 from ../Core/Src/main.c:20:
../Drivers/STM32F7xx_HAL_Driver/Inc/stm32f7xx_hal_uart.h:1553:79: note: expected 'const uint8_t *' {aka 'const unsigned char *'} but argument is of type 'uint32_t *' {aka 'long unsigned int *'}
 1553 | HAL_StatusTypeDef HAL_UART_Transmit(UART_HandleTypeDef *huart, const uint8_t *pData, uint16_t Size, uint32_t Timeout);
      |                                                                ~~~~~~~~~~~~~~~^~~~~
../Core/Src/main.c:172:76: warning: passing argument 2 of 'HAL_UART_Transmit' makes pointer from integer without a cast [-Wint-conversion]
  172 |                                                 HAL_UART_Transmit(&huart3, (uint32_t)"\r\nUSER1 is disconected", 20, 1000);
      |                                                                            ^~~~~~~~~~~~~~~~~~~~~~~~~~~~~~~~~~~~
      |                                                                            |
      |                                                                            long unsigned int
In file included from ../Core/Inc/stm32f7xx_hal_conf.h:415,
                 from ../Drivers/STM32F7xx_HAL_Driver/Inc/stm32f7xx_hal.h:29,
                 from ../Core/Inc/main.h:30,
                 from ../Core/Src/main.c:20:
../Drivers/STM32F7xx_HAL_Driver/Inc/stm32f7xx_hal_uart.h:1553:79: note: expected 'const uint8_t *' {aka 'const unsigned char *'} but argument is of type 'long unsigned int'
 1553 | HAL_StatusTypeDef HAL_UART_Transmit(UART_HandleTypeDef *huart, const uint8_t *pData, uint16_t Size, uint32_t Timeout);
      |                                                                ~~~~~~~~~~~~~~~^~~~~
../Core/Src/main.c:173:49: warning: implicit declaration of function 'sprintf' [-Wimplicit-function-declaration]
  173 |                                                 sprintf(buffer,"%s",transmit);
      |                                                 ^~~~~~~
../Core/Src/main.c:27:1: note: include '<stdio.h>' or provide a declaration of 'sprintf'
   26 | #include "string.h"
  +++ |+#include <stdio.h>
   27 | /* USER CODE END Includes */
../Core/Src/main.c:173:49: warning: incompatible implicit declaration of built-in function 'sprintf' [-Wbuiltin-declaration-mismatch]
  173 |                                                 sprintf(buffer,"%s",transmit);
      |                                                 ^~~~~~~
../Core/Src/main.c:173:49: note: include '<stdio.h>' or provide a declaration of 'sprintf'
../Core/Src/main.c:175:76: warning: passing argument 2 of 'HAL_UART_Transmit' from incompatible pointer type [-Wincompatible-pointer-types]
  175 |                                                 HAL_UART_Transmit(&huart2, (uint32_t*)&buffer, 100, 1000);
      |                                                                            ^~~~~~~~~~~~~~~~~~
      |                                                                            |
      |                                                                            uint32_t * {aka long unsigned int *}
In file included from ../Core/Inc/stm32f7xx_hal_conf.h:415,
                 from ../Drivers/STM32F7xx_HAL_Driver/Inc/stm32f7xx_hal.h:29,
                 from ../Core/Inc/main.h:30,
                 from ../Core/Src/main.c:20:
../Drivers/STM32F7xx_HAL_Driver/Inc/stm32f7xx_hal_uart.h:1553:79: note: expected 'const uint8_t *' {aka 'const unsigned char *'} but argument is of type 'uint32_t *' {aka 'long unsigned int *'}
 1553 | HAL_StatusTypeDef HAL_UART_Transmit(UART_HandleTypeDef *huart, const uint8_t *pData, uint16_t Size, uint32_t Timeout);
      |                                                                ~~~~~~~~~~~~~~~^~~~~
../Core/Src/main.c:180:42: warning: incompatible implicit declaration of built-in function 'sprintf' [-Wbuiltin-declaration-mismatch]
  180 |                                          sprintf(buffer,"\r\n\t%s : %s",username,transmit);
      |                                          ^~~~~~~
../Core/Src/main.c:180:42: note: include '<stdio.h>' or provide a declaration of 'sprintf'
../Core/Src/main.c:182:70: warning: passing argument 2 of 'HAL_UART_Transmit' from incompatible pointer type [-Wincompatible-pointer-types]
  182 |                                           HAL_UART_Transmit(&huart2, (uint32_t*)&buffer, 100, 1000);
      |                                                                      ^~~~~~~~~~~~~~~~~~
      |                                                                      |
      |                                                                      uint32_t * {aka long unsigned int *}
In file included from ../Core/Inc/stm32f7xx_hal_conf.h:415,
                 from ../Drivers/STM32F7xx_HAL_Driver/Inc/stm32f7xx_hal.h:29,
                 from ../Core/Inc/main.h:30,
                 from ../Core/Src/main.c:20:
../Drivers/STM32F7xx_HAL_Driver/Inc/stm32f7xx_hal_uart.h:1553:79: note: expected 'const uint8_t *' {aka 'const unsigned char *'} but argument is of type 'uint32_t *' {aka 'long unsigned int *'}
 1553 | HAL_StatusTypeDef HAL_UART_Transmit(UART_HandleTypeDef *huart, const uint8_t *pData, uint16_t Size, uint32_t Timeout);
      |                                                                ~~~~~~~~~~~~~~~^~~~~
../Core/Src/main.c:192:77: warning: passing argument 2 of 'HAL_UART_Receive' makes pointer from integer without a cast [-Wint-conversion]
  192 |                                                   HAL_UART_Receive(&huart2, (uint32_t)&name, 100,1000);
      |                                                                             ^~~~~~~~~~~~~~~
      |                                                                             |
      |                                                                             long unsigned int
In file included from ../Core/Inc/stm32f7xx_hal_conf.h:415,
                 from ../Drivers/STM32F7xx_HAL_Driver/Inc/stm32f7xx_hal.h:29,
                 from ../Core/Inc/main.h:30,
                 from ../Core/Src/main.c:20:
../Drivers/STM32F7xx_HAL_Driver/Inc/stm32f7xx_hal_uart.h:1554:72: note: expected 'uint8_t *' {aka 'unsigned char *'} but argument is of type 'long unsigned int'
 1554 | HAL_StatusTypeDef HAL_UART_Receive(UART_HandleTypeDef *huart, uint8_t *pData, uint16_t Size, uint32_t Timeout);
      |                                                               ~~~~~~~~~^~~~~
../Core/Src/main.c:196:56: warning: statement with no effect [-Wunused-value]
  196 |                                                 state3 == 0;
      |                                                 ~~~~~~~^~~~
../Core/Src/main.c:198:76: warning: passing argument 2 of 'HAL_UART_Transmit' makes pointer from integer without a cast [-Wint-conversion]
  198 |                                                 HAL_UART_Transmit(&huart3, (uint32_t)"\r\nUSER2 is disconected", 20, 1000);
      |                                                                            ^~~~~~~~~~~~~~~~~~~~~~~~~~~~~~~~~~~~
      |                                                                            |
      |                                                                            long unsigned int
In file included from ../Core/Inc/stm32f7xx_hal_conf.h:415,
                 from ../Drivers/STM32F7xx_HAL_Driver/Inc/stm32f7xx_hal.h:29,
                 from ../Core/Inc/main.h:30,
                 from ../Core/Src/main.c:20:
../Drivers/STM32F7xx_HAL_Driver/Inc/stm32f7xx_hal_uart.h:1553:79: note: expected 'const uint8_t *' {aka 'const unsigned char *'} but argument is of type 'long unsigned int'
 1553 | HAL_StatusTypeDef HAL_UART_Transmit(UART_HandleTypeDef *huart, const uint8_t *pData, uint16_t Size, uint32_t Timeout);
      |                                                                ~~~~~~~~~~~~~~~^~~~~
../Core/Src/main.c:205:78: warning: passing argument 2 of 'HAL_UART_Transmit' makes pointer from integer without a cast [-Wint-conversion]
  205 |                                                   HAL_UART_Transmit(&huart3, (uint32_t)&name, 100, 1000);
      |                                                                              ^~~~~~~~~~~~~~~
      |                                                                              |
      |                                                                              long unsigned int
In file included from ../Core/Inc/stm32f7xx_hal_conf.h:415,
                 from ../Drivers/STM32F7xx_HAL_Driver/Inc/stm32f7xx_hal.h:29,
                 from ../Core/Inc/main.h:30,
                 from ../Core/Src/main.c:20:
../Drivers/STM32F7xx_HAL_Driver/Inc/stm32f7xx_hal_uart.h:1553:79: note: expected 'const uint8_t *' {aka 'const unsigned char *'} but argument is of type 'long unsigned int'
 1553 | HAL_StatusTypeDef HAL_UART_Transmit(UART_HandleTypeDef *huart, const uint8_t *pData, uint16_t Size, uint32_t Timeout);
      |                                                                ~~~~~~~~~~~~~~~^~~~~
../Core/Src/main.c: In function 'strcmp1':
../Core/Src/main.c:269:20: warning: passing argument 1 of 'strlen' makes pointer from integer without a cast [-Wint-conversion]
  269 |         if (strlen(A) > strlen(B)){
      |                    ^
      |                    |
      |                    char
In file included from ../Core/Src/main.c:26:
/Applications/STM32CubeIDE.app/Contents/Eclipse/plugins/com.st.stm32cube.ide.mcu.externaltools.gnu-tools-for-stm32.11.3.rel1.macos64_1.1.100.202310310803/tools/arm-none-eabi/include/string.h:41:18: note: expected 'const char *' but argument is of type 'char'
   41 | size_t   strlen (const char *);
      |                  ^~~~~~~~~~~~
../Core/Src/main.c:269:32: warning: passing argument 1 of 'strlen' makes pointer from integer without a cast [-Wint-conversion]
  269 |         if (strlen(A) > strlen(B)){
      |                                ^
      |                                |
      |                                char
In file included from ../Core/Src/main.c:26:
/Applications/STM32CubeIDE.app/Contents/Eclipse/plugins/com.st.stm32cube.ide.mcu.externaltools.gnu-tools-for-stm32.11.3.rel1.macos64_1.1.100.202310310803/tools/arm-none-eabi/include/string.h:41:18: note: expected 'const char *' but argument is of type 'char'
   41 | size_t   strlen (const char *);
      |                  ^~~~~~~~~~~~
../Core/Src/main.c:272:25: warning: passing argument 1 of 'strlen' makes pointer from integer without a cast [-Wint-conversion]
  272 |         else if (strlen(B) > strlen(A)){
      |                         ^
      |                         |
      |                         char
In file included from ../Core/Src/main.c:26:
/Applications/STM32CubeIDE.app/Contents/Eclipse/plugins/com.st.stm32cube.ide.mcu.externaltools.gnu-tools-for-stm32.11.3.rel1.macos64_1.1.100.202310310803/tools/arm-none-eabi/include/string.h:41:18: note: expected 'const char *' but argument is of type 'char'
   41 | size_t   strlen (const char *);
      |                  ^~~~~~~~~~~~
../Core/Src/main.c:272:37: warning: passing argument 1 of 'strlen' makes pointer from integer without a cast [-Wint-conversion]
  272 |         else if (strlen(B) > strlen(A)){
      |                                     ^
      |                                     |
      |                                     char
In file included from ../Core/Src/main.c:26:
/Applications/STM32CubeIDE.app/Contents/Eclipse/plugins/com.st.stm32cube.ide.mcu.externaltools.gnu-tools-for-stm32.11.3.rel1.macos64_1.1.100.202310310803/tools/arm-none-eabi/include/string.h:41:18: note: expected 'const char *' but argument is of type 'char'
   41 | size_t   strlen (const char *);
      |                  ^~~~~~~~~~~~
../Core/Src/main.c:268:13: warning: unused variable 'couter' [-Wunused-variable]
  268 |         int couter = 0;
      |             ^~~~~~
../Core/Src/main.c: In function 'main':
../Core/Src/main.c:180:64: warning: '%s' directive writing up to 99 bytes into a region of size 97 [-Wformat-overflow=]
  180 |                                          sprintf(buffer,"\r\n\t%s : %s",username,transmit);
      |                                                                ^~       ~~~~~~~~
../Core/Src/main.c:180:42: note: 'sprintf' output between 7 and 205 bytes into a destination of size 100
  180 |                                          sprintf(buffer,"\r\n\t%s : %s",username,transmit);
      |                                          ^~~~~~~~~~~~~~~~~~~~~~~~~~~~~~~~~~~~~~~~~~~~~~~~~
../Core/Src/main.c: In function 'strcmp1':
../Core/Src/main.c:275:1: warning: control reaches end of non-void function [-Wreturn-type]
  275 | }
      | ^
arm-none-eabi-gcc "../Core/Src/syscalls.c" -mcpu=cortex-m7 -std=gnu11 -g3 -DDEBUG -DUSE_HAL_DRIVER -DSTM32F767xx -c -I../Core/Inc -I../Drivers/STM32F7xx_HAL_Driver/Inc -I../Drivers/STM32F7xx_HAL_Driver/Inc/Legacy -I../Drivers/CMSIS/Device/ST/STM32F7xx/Include -I../Drivers/CMSIS/Include -O0 -ffunction-sections -fdata-sections -Wall -fstack-usage -fcyclomatic-complexity -MMD -MP -MF"Core/Src/syscalls.d" -MT"Core/Src/syscalls.o" --specs=nano.specs -mfpu=fpv5-d16 -mfloat-abi=hard -mthumb -o "Core/Src/syscalls.o"
arm-none-eabi-gcc "../Core/Src/sysmem.c" -mcpu=cortex-m7 -std=gnu11 -g3 -DDEBUG -DUSE_HAL_DRIVER -DSTM32F767xx -c -I../Core/Inc -I../Drivers/STM32F7xx_HAL_Driver/Inc -I../Drivers/STM32F7xx_HAL_Driver/Inc/Legacy -I../Drivers/CMSIS/Device/ST/STM32F7xx/Include -I../Drivers/CMSIS/Include -O0 -ffunction-sections -fdata-sections -Wall -fstack-usage -fcyclomatic-complexity -MMD -MP -MF"Core/Src/sysmem.d" -MT"Core/Src/sysmem.o" --specs=nano.specs -mfpu=fpv5-d16 -mfloat-abi=hard -mthumb -o "Core/Src/sysmem.o"
arm-none-eabi-gcc "../Core/Src/system_stm32f7xx.c" -mcpu=cortex-m7 -std=gnu11 -g3 -DDEBUG -DUSE_HAL_DRIVER -DSTM32F767xx -c -I../Core/Inc -I../Drivers/STM32F7xx_HAL_Driver/Inc -I../Drivers/STM32F7xx_HAL_Driver/Inc/Legacy -I../Drivers/CMSIS/Device/ST/STM32F7xx/Include -I../Drivers/CMSIS/Include -O0 -ffunction-sections -fdata-sections -Wall -fstack-usage -fcyclomatic-complexity -MMD -MP -MF"Core/Src/system_stm32f7xx.d" -MT"Core/Src/system_stm32f7xx.o" --specs=nano.specs -mfpu=fpv5-d16 -mfloat-abi=hard -mthumb -o "Core/Src/system_stm32f7xx.o"
arm-none-eabi-gcc "../Core/Src/usart.c" -mcpu=cortex-m7 -std=gnu11 -g3 -DDEBUG -DUSE_HAL_DRIVER -DSTM32F767xx -c -I../Core/Inc -I../Drivers/STM32F7xx_HAL_Driver/Inc -I../Drivers/STM32F7xx_HAL_Driver/Inc/Legacy -I../Drivers/CMSIS/Device/ST/STM32F7xx/Include -I../Drivers/CMSIS/Include -O0 -ffunction-sections -fdata-sections -Wall -fstack-usage -fcyclomatic-complexity -MMD -MP -MF"Core/Src/usart.d" -MT"Core/Src/usart.o" --specs=nano.specs -mfpu=fpv5-d16 -mfloat-abi=hard -mthumb -o "Core/Src/usart.o"
arm-none-eabi-gcc -o "labspecial.elf" @"objects.list"   -mcpu=cortex-m7 -T"/Users/itswatthachai/KMITL_Life/CEDT_KMITL/YEAR2_Semester2/01076050 MICROCONTROLLER APPLICATION AND DEVELOPMENT/01076051 MICROCONTROLLER PROJECT/labspecial/STM32F767ZITX_FLASH.ld" --specs=nosys.specs -Wl,-Map="labspecial.map" -Wl,--gc-sections -static --specs=nano.specs -mfpu=fpv5-d16 -mfloat-abi=hard -mthumb -Wl,--start-group -lc -lm -Wl,--end-group
/Applications/STM32CubeIDE.app/Contents/Eclipse/plugins/com.st.stm32cube.ide.mcu.externaltools.gnu-tools-for-stm32.11.3.rel1.macos64_1.1.100.202310310803/tools/bin/../lib/gcc/arm-none-eabi/11.3.1/../../../../arm-none-eabi/bin/ld: ./Core/Src/main.o: in function `main':
/Users/itswatthachai/KMITL_Life/CEDT_KMITL/YEAR2_Semester2/01076050 MICROCONTROLLER APPLICATION AND DEVELOPMENT/01076051 MICROCONTROLLER PROJECT/labspecial/Debug/../Core/Src/main.c:98: undefined reference to `MX_USART6_UART_Init'
collect2: error: ld returned 1 exit status
make: *** [makefile:64: labspecial.elf] Error 1
"make -j7 all" terminated with exit code 2. Build might be incomplete.

18:08:40 Build Failed. 2 errors, 32 warnings. (took 2s.835ms)

